# JRE version: OpenJDK Runtime Environment (17.0.11) (build 17.0.11+0--11852314)
# Java VM: OpenJDK 64-Bit Server VM (17.0.11+0--11852314, mixed mode, tiered, compressed oops, compressed class ptrs, g1 gc, windows-amd64)
GC Precious Log:
 CPUs: 16 total, 16 available
 Memory: 16055M
 Large Page Support: Disabled
 NUMA Support: Disabled
 Compressed Oops: Enabled (32-bit)
 Heap Region Size: 1M
 Heap Min Capacity: 8M
 Heap Initial Capacity: 252M
 Heap Max Capacity: 2G
 Pre-touch: Disabled
 Parallel Workers: 13
 Concurrent Workers: 3
 Concurrent Refinement Workers: 13
 Periodic GC: Disabled
Heap:
 garbage-first heap   total 133120K, used 110055K [0x0000000080000000, 0x0000000100000000)
  region size 1024K, 78 young (79872K), 5 survivors (5120K)
 Metaspace       used 69055K, committed 69632K, reserved 1114112K
  class space    used 9323K, committed 9600K, reserved 1048576K
GC Heap History (20 events):
Event: 5.177 GC heap before
{Heap before GC invocations=2 (full 0):
 garbage-first heap   total 258048K, used 125177K [0x0000000080000000, 0x0000000100000000)
  region size 1024K, 116 young (118784K), 5 survivors (5120K)
 Metaspace       used 21251K, committed 21504K, reserved 1114112K
  class space    used 2470K, committed 2624K, reserved 1048576K
}
Event: 5.194 GC heap after
{Heap after GC invocations=3 (full 0):
 garbage-first heap   total 258048K, used 20343K [0x0000000080000000, 0x0000000100000000)
  region size 1024K, 14 young (14336K), 14 survivors (14336K)
 Metaspace       used 21251K, committed 21504K, reserved 1114112K
  class space    used 2470K, committed 2624K, reserved 1048576K
}
Event: 6.007 GC heap before
{Heap before GC invocations=4 (full 0):
 garbage-first heap   total 75776K, used 50039K [0x0000000080000000, 0x0000000100000000)
  region size 1024K, 44 young (45056K), 14 survivors (14336K)
 Metaspace       used 25891K, committed 26176K, reserved 1114112K
  class space    used 3222K, committed 3328K, reserved 1048576K
}
Event: 6.023 GC heap after
{Heap after GC invocations=5 (full 0):
 garbage-first heap   total 75776K, used 21842K [0x0000000080000000, 0x0000000100000000)
  region size 1024K, 2 young (2048K), 2 survivors (2048K)
 Metaspace       used 25891K, committed 26176K, reserved 1114112K
  class space    used 3222K, committed 3328K, reserved 1048576K
}
Event: 6.041 GC heap before
{Heap before GC invocations=5 (full 0):
 garbage-first heap   total 75776K, used 22866K [0x0000000080000000, 0x0000000100000000)
  region size 1024K, 3 young (3072K), 2 survivors (2048K)
 Metaspace       used 26008K, committed 26304K, reserved 1114112K
  class space    used 3249K, committed 3392K, reserved 1048576K
}
Event: 6.046 GC heap after
{Heap after GC invocations=6 (full 0):
 garbage-first heap   total 75776K, used 21948K [0x0000000080000000, 0x0000000100000000)
  region size 1024K, 1 young (1024K), 1 survivors (1024K)
 Metaspace       used 26008K, committed 26304K, reserved 1114112K
  class space    used 3249K, committed 3392K, reserved 1048576K
}
Event: 6.722 GC heap before
{Heap before GC invocations=6 (full 0):
 garbage-first heap   total 75776K, used 53692K [0x0000000080000000, 0x0000000100000000)
  region size 1024K, 32 young (32768K), 1 survivors (1024K)
 Metaspace       used 29559K, committed 29888K, reserved 1114112K
  class space    used 3865K, committed 4032K, reserved 1048576K
}
Event: 6.725 GC heap after
{Heap after GC invocations=7 (full 0):
 garbage-first heap   total 75776K, used 23454K [0x0000000080000000, 0x0000000100000000)
  region size 1024K, 2 young (2048K), 2 survivors (2048K)
 Metaspace       used 29559K, committed 29888K, reserved 1114112K
  class space    used 3865K, committed 4032K, reserved 1048576K
}
Event: 7.457 GC heap before
{Heap before GC invocations=7 (full 0):
 garbage-first heap   total 75776K, used 55198K [0x0000000080000000, 0x0000000100000000)
  region size 1024K, 34 young (34816K), 2 survivors (2048K)
 Metaspace       used 33508K, committed 33856K, reserved 1114112K
  class space    used 4504K, committed 4672K, reserved 1048576K
}
Event: 7.462 GC heap after
{Heap after GC invocations=8 (full 0):
 garbage-first heap   total 75776K, used 25008K [0x0000000080000000, 0x0000000100000000)
  region size 1024K, 4 young (4096K), 4 survivors (4096K)
 Metaspace       used 33508K, committed 33856K, reserved 1114112K
  class space    used 4504K, committed 4672K, reserved 1048576K
}
Event: 7.829 GC heap before
{Heap before GC invocations=8 (full 0):
 garbage-first heap   total 75776K, used 43440K [0x0000000080000000, 0x0000000100000000)
  region size 1024K, 23 young (23552K), 4 survivors (4096K)
 Metaspace       used 35613K, committed 35968K, reserved 1114112K
  class space    used 4840K, committed 4992K, reserved 1048576K
}
Event: 7.834 GC heap after
{Heap after GC invocations=9 (full 0):
 garbage-first heap   total 75776K, used 25950K [0x0000000080000000, 0x0000000100000000)
  region size 1024K, 3 young (3072K), 3 survivors (3072K)
 Metaspace       used 35613K, committed 35968K, reserved 1114112K
  class space    used 4840K, committed 4992K, reserved 1048576K
}
Event: 8.534 GC heap before
{Heap before GC invocations=10 (full 0):
 garbage-first heap   total 75776K, used 58718K [0x0000000080000000, 0x0000000100000000)
  region size 1024K, 35 young (35840K), 3 survivors (3072K)
 Metaspace       used 41780K, committed 42112K, reserved 1114112K
  class space    used 5591K, committed 5760K, reserved 1048576K
}
Event: 8.542 GC heap after
{Heap after GC invocations=11 (full 0):
 garbage-first heap   total 151552K, used 28538K [0x0000000080000000, 0x0000000100000000)
  region size 1024K, 5 young (5120K), 5 survivors (5120K)
 Metaspace       used 41780K, committed 42112K, reserved 1114112K
  class space    used 5591K, committed 5760K, reserved 1048576K
}
Event: 9.514 GC heap before
{Heap before GC invocations=11 (full 0):
 garbage-first heap   total 151552K, used 112506K [0x0000000080000000, 0x0000000100000000)
  region size 1024K, 88 young (90112K), 5 survivors (5120K)
 Metaspace       used 46035K, committed 46592K, reserved 1114112K
  class space    used 6188K, committed 6464K, reserved 1048576K
}
Event: 9.521 GC heap after
{Heap after GC invocations=12 (full 0):
 garbage-first heap   total 151552K, used 32533K [0x0000000080000000, 0x0000000100000000)
  region size 1024K, 9 young (9216K), 9 survivors (9216K)
 Metaspace       used 46035K, committed 46592K, reserved 1114112K
  class space    used 6188K, committed 6464K, reserved 1048576K
}
Event: 11.145 GC heap before
{Heap before GC invocations=12 (full 0):
 garbage-first heap   total 151552K, used 114453K [0x0000000080000000, 0x0000000100000000)
  region size 1024K, 88 young (90112K), 9 survivors (9216K)
 Metaspace       used 56402K, committed 56832K, reserved 1114112K
  class space    used 7640K, committed 7872K, reserved 1048576K
}
Event: 11.154 GC heap after
{Heap after GC invocations=13 (full 0):
 garbage-first heap   total 151552K, used 35292K [0x0000000080000000, 0x0000000100000000)
  region size 1024K, 7 young (7168K), 7 survivors (7168K)
 Metaspace       used 56402K, committed 56832K, reserved 1114112K
  class space    used 7640K, committed 7872K, reserved 1048576K
}
Event: 11.901 GC heap before
{Heap before GC invocations=13 (full 0):
 garbage-first heap   total 151552K, used 67036K [0x0000000080000000, 0x0000000100000000)
  region size 1024K, 39 young (39936K), 7 survivors (7168K)
 Metaspace       used 59704K, committed 60160K, reserved 1114112K
  class space    used 8188K, committed 8384K, reserved 1048576K
}
Event: 11.907 GC heap after
{Heap after GC invocations=14 (full 0):
 garbage-first heap   total 151552K, used 37351K [0x0000000080000000, 0x0000000100000000)
  region size 1024K, 5 young (5120K), 5 survivors (5120K)
 Metaspace       used 59704K, committed 60160K, reserved 1114112K
  class space    used 8188K, committed 8384K, reserved 1048576K
}

